{"numFailedTestSuites":0,"numFailedTests":0,"numPassedTestSuites":107,"numPassedTests":1209,"numPendingTestSuites":1,"numPendingTests":21,"numRuntimeErrorTestSuites":0,"numTodoTests":0,"numTotalTestSuites":108,"numTotalTests":1230,"openHandles":[],"snapshot":{"added":0,"didUpdate":false,"failure":false,"filesAdded":0,"filesRemoved":0,"filesRemovedList":[],"filesUnmatched":0,"filesUpdated":0,"matched":0,"total":0,"unchecked":0,"uncheckedKeysByFile":[],"unmatched":0,"updated":0},"startTime":1759918222585,"success":true,"testResults":[{"assertionResults":[{"ancestorTitles":["Mermaid Backtick Escaping Issues"],"duration":null,"failing":false,"failureDetails":[],"failureMessages":[],"fullName":"Mermaid Backtick Escaping Issues should handle escaped backticks in ProbeAgent response","invocations":1,"location":null,"numPassingAsserts":0,"retryReasons":[],"startAt":1759918224496,"status":"pending","title":"should handle escaped backticks in ProbeAgent response"},{"ancestorTitles":["Mermaid Backtick Escaping Issues"],"duration":null,"failing":false,"failureDetails":[],"failureMessages":[],"fullName":"Mermaid Backtick Escaping Issues should detect if ProbeAgent double-encodes JSON","invocations":1,"location":null,"numPassingAsserts":0,"retryReasons":[],"startAt":1759918224497,"status":"pending","title":"should detect if ProbeAgent double-encodes JSON"},{"ancestorTitles":["Mermaid Backtick Escaping Issues"],"duration":null,"failing":false,"failureDetails":[],"failureMessages":[],"fullName":"Mermaid Backtick Escaping Issues should handle when ProbeAgent returns content without backticks at all","invocations":1,"location":null,"numPassingAsserts":0,"retryReasons":[],"startAt":1759918224497,"status":"pending","title":"should handle when ProbeAgent returns content without backticks at all"},{"ancestorTitles":["Mermaid Backtick Escaping Issues"],"duration":null,"failing":false,"failureDetails":[],"failureMessages":[],"fullName":"Mermaid Backtick Escaping Issues CRITICAL: Test what production actually sees","invocations":1,"location":null,"numPassingAsserts":0,"retryReasons":[],"startAt":1759918224497,"status":"pending","title":"CRITICAL: Test what production actually sees"}],"coverage":{},"endTime":1759918559631,"message":"","name":"/home/buger/projects/visor2/tests/unit/mermaid-escaping-test.test.ts","startTime":1759918559631,"status":"skipped","summary":""},{"assertionResults":[{"ancestorTitles":["Engine + formatter integration: large outputs do not stall"],"duration":223432,"failing":false,"failureDetails":[],"failureMessages":[],"fullName":"Engine + formatter integration: large outputs do not stall formats a 3-check chain (forEach -> analyze with custom-like output -> dependent) with truncation and skip gating","invocations":1,"location":null,"numPassingAsserts":3,"retryReasons":[],"startAt":1759918225320,"status":"passed","title":"formats a 3-check chain (forEach -> analyze with custom-like output -> dependent) with truncation and skip gating"}],"endTime":1759918448753,"message":"","name":"/home/buger/projects/visor2/tests/integration/engine-formatting-large-output.test.ts","startTime":1759918224509,"status":"passed","summary":""},{"assertionResults":[{"ancestorTitles":["Error Scenarios & Recovery Testing","Network Failure Scenarios"],"duration":1005,"failing":false,"failureDetails":[],"failureMessages":[],"fullName":"Error Scenarios & Recovery Testing Network Failure Scenarios should handle network timeouts gracefully","invocations":1,"location":null,"numPassingAsserts":4,"retryReasons":[],"startAt":1759918449126,"status":"passed","title":"should handle network timeouts gracefully"},{"ancestorTitles":["Error Scenarios & Recovery Testing","Network Failure Scenarios"],"duration":1974,"failing":false,"failureDetails":[],"failureMessages":[],"fullName":"Error Scenarios & Recovery Testing Network Failure Scenarios should handle GitHub API rate limits with exponential backoff","invocations":1,"location":null,"numPassingAsserts":3,"retryReasons":[],"startAt":1759918450131,"status":"passed","title":"should handle GitHub API rate limits with exponential backoff"},{"ancestorTitles":["Error Scenarios & Recovery Testing","Network Failure Scenarios"],"duration":7007,"failing":false,"failureDetails":[],"failureMessages":[],"fullName":"Error Scenarios & Recovery Testing Network Failure Scenarios should handle intermittent connectivity issues","invocations":1,"location":null,"numPassingAsserts":4,"retryReasons":[],"startAt":1759918452105,"status":"passed","title":"should handle intermittent connectivity issues"},{"ancestorTitles":["Error Scenarios & Recovery Testing","Network Failure Scenarios"],"duration":3,"failing":false,"failureDetails":[],"failureMessages":[],"fullName":"Error Scenarios & Recovery Testing Network Failure Scenarios should handle partial response corruption","invocations":1,"location":null,"numPassingAsserts":2,"retryReasons":[],"startAt":1759918459113,"status":"passed","title":"should handle partial response corruption"},{"ancestorTitles":["Error Scenarios & Recovery Testing","GitHub API Error Scenarios"],"duration":3,"failing":false,"failureDetails":[],"failureMessages":[],"fullName":"Error Scenarios & Recovery Testing GitHub API Error Scenarios should handle repository access permissions errors","invocations":1,"location":null,"numPassingAsserts":2,"retryReasons":[],"startAt":1759918459116,"status":"passed","title":"should handle repository access permissions errors"},{"ancestorTitles":["Error Scenarios & Recovery Testing","GitHub API Error Scenarios"],"duration":2,"failing":false,"failureDetails":[],"failureMessages":[],"fullName":"Error Scenarios & Recovery Testing GitHub API Error Scenarios should handle repository not found errors","invocations":1,"location":null,"numPassingAsserts":2,"retryReasons":[],"startAt":1759918459119,"status":"passed","title":"should handle repository not found errors"},{"ancestorTitles":["Error Scenarios & Recovery Testing","GitHub API Error Scenarios"],"duration":3,"failing":false,"failureDetails":[],"failureMessages":[],"fullName":"Error Scenarios & Recovery Testing GitHub API Error Scenarios should handle malformed GitHub webhook events","invocations":1,"location":null,"numPassingAsserts":2,"retryReasons":[],"startAt":1759918459121,"status":"passed","title":"should handle malformed GitHub webhook events"},{"ancestorTitles":["Error Scenarios & Recovery Testing","GitHub API Error Scenarios"],"duration":606,"failing":false,"failureDetails":[],"failureMessages":[],"fullName":"Error Scenarios & Recovery Testing GitHub API Error Scenarios should handle GitHub API server errors (5xx)","invocations":1,"location":null,"numPassingAsserts":8,"retryReasons":[],"startAt":1759918459125,"status":"passed","title":"should handle GitHub API server errors (5xx)"},{"ancestorTitles":["Error Scenarios & Recovery Testing","AI Service Error Scenarios"],"duration":2,"failing":false,"failureDetails":[],"failureMessages":[],"fullName":"Error Scenarios & Recovery Testing AI Service Error Scenarios should handle AI service unavailability gracefully","invocations":1,"location":null,"numPassingAsserts":4,"retryReasons":[],"startAt":1759918459731,"status":"passed","title":"should handle AI service unavailability gracefully"},{"ancestorTitles":["Error Scenarios & Recovery Testing","AI Service Error Scenarios"],"duration":1,"failing":false,"failureDetails":[],"failureMessages":[],"fullName":"Error Scenarios & Recovery Testing AI Service Error Scenarios should handle AI response parsing errors","invocations":1,"location":null,"numPassingAsserts":2,"retryReasons":[],"startAt":1759918459733,"status":"passed","title":"should handle AI response parsing errors"},{"ancestorTitles":["Error Scenarios & Recovery Testing","Configuration Error Recovery"],"duration":1,"failing":false,"failureDetails":[],"failureMessages":[],"fullName":"Error Scenarios & Recovery Testing Configuration Error Recovery should handle corrupted YAML configuration files","invocations":1,"location":null,"numPassingAsserts":4,"retryReasons":[],"startAt":1759918459735,"status":"passed","title":"should handle corrupted YAML configuration files"},{"ancestorTitles":["Error Scenarios & Recovery Testing","Configuration Error Recovery"],"duration":2,"failing":false,"failureDetails":[],"failureMessages":[],"fullName":"Error Scenarios & Recovery Testing Configuration Error Recovery should handle invalid configuration schema gracefully","invocations":1,"location":null,"numPassingAsserts":0,"retryReasons":[],"startAt":1759918459736,"status":"passed","title":"should handle invalid configuration schema gracefully"},{"ancestorTitles":["Error Scenarios & Recovery Testing","Authentication and Authorization Errors"],"duration":3,"failing":false,"failureDetails":[],"failureMessages":[],"fullName":"Error Scenarios & Recovery Testing Authentication and Authorization Errors should handle invalid GitHub tokens","invocations":1,"location":null,"numPassingAsserts":2,"retryReasons":[],"startAt":1759918459738,"status":"passed","title":"should handle invalid GitHub tokens"},{"ancestorTitles":["Error Scenarios & Recovery Testing","Authentication and Authorization Errors"],"duration":2,"failing":false,"failureDetails":[],"failureMessages":[],"fullName":"Error Scenarios & Recovery Testing Authentication and Authorization Errors should handle expired GitHub tokens","invocations":1,"location":null,"numPassingAsserts":2,"retryReasons":[],"startAt":1759918459741,"status":"passed","title":"should handle expired GitHub tokens"},{"ancestorTitles":["Error Scenarios & Recovery Testing","Resource Limit Errors"],"duration":1,"failing":false,"failureDetails":[],"failureMessages":[],"fullName":"Error Scenarios & Recovery Testing Resource Limit Errors should handle GitHub API abuse detection","invocations":1,"location":null,"numPassingAsserts":2,"retryReasons":[],"startAt":1759918459743,"status":"passed","title":"should handle GitHub API abuse detection"}],"endTime":1759918459745,"message":"","name":"/home/buger/projects/visor2/tests/errors/error-scenarios.test.ts","startTime":1759918448757,"status":"passed","summary":""},{"assertionResults":[{"ancestorTitles":["OutputFormatters","formatAsTable"],"duration":182,"failing":false,"failureDetails":[],"failureMessages":[],"fullName":"OutputFormatters formatAsTable should format analysis results as a table","invocations":1,"location":null,"numPassingAsserts":7,"retryReasons":[],"startAt":1759918459862,"status":"passed","title":"should format analysis results as a table"},{"ancestorTitles":["OutputFormatters","formatAsTable"],"duration":172,"failing":false,"failureDetails":[],"failureMessages":[],"fullName":"OutputFormatters formatAsTable should group issues by category","invocations":1,"location":null,"numPassingAsserts":6,"retryReasons":[],"startAt":1759918460044,"status":"passed","title":"should group issues by category"},{"ancestorTitles":["OutputFormatters","formatAsTable"],"duration":171,"failing":false,"failureDetails":[],"failureMessages":[],"fullName":"OutputFormatters formatAsTable should show all issues when showDetails is true","invocations":1,"location":null,"numPassingAsserts":3,"retryReasons":[],"startAt":1759918460216,"status":"passed","title":"should show all issues when showDetails is true"},{"ancestorTitles":["OutputFormatters","formatAsTable"],"duration":171,"failing":false,"failureDetails":[],"failureMessages":[],"fullName":"OutputFormatters formatAsTable should not include suggestions table as it has been removed","invocations":1,"location":null,"numPassingAsserts":3,"retryReasons":[],"startAt":1759918460387,"status":"passed","title":"should not include suggestions table as it has been removed"},{"ancestorTitles":["OutputFormatters","formatAsTable"],"duration":168,"failing":false,"failureDetails":[],"failureMessages":[],"fullName":"OutputFormatters formatAsTable should include issue suggestions without emoji","invocations":1,"location":null,"numPassingAsserts":2,"retryReasons":[],"startAt":1759918460558,"status":"passed","title":"should include issue suggestions without emoji"},{"ancestorTitles":["OutputFormatters","formatAsTable"],"duration":168,"failing":false,"failureDetails":[],"failureMessages":[],"fullName":"OutputFormatters formatAsTable should include code replacements with Code fix prefix","invocations":1,"location":null,"numPassingAsserts":4,"retryReasons":[],"startAt":1759918460726,"status":"passed","title":"should include code replacements with Code fix prefix"},{"ancestorTitles":["OutputFormatters","formatAsTable"],"duration":168,"failing":false,"failureDetails":[],"failureMessages":[],"fullName":"OutputFormatters formatAsTable should include files table when requested","invocations":1,"location":null,"numPassingAsserts":8,"retryReasons":[],"startAt":1759918460894,"status":"passed","title":"should include files table when requested"},{"ancestorTitles":["OutputFormatters","formatAsTable"],"duration":169,"failing":false,"failureDetails":[],"failureMessages":[],"fullName":"OutputFormatters formatAsTable should include timestamp when requested","invocations":1,"location":null,"numPassingAsserts":1,"retryReasons":[],"startAt":1759918461062,"status":"passed","title":"should include timestamp when requested"},{"ancestorTitles":["OutputFormatters","formatAsTable"],"duration":1,"failing":false,"failureDetails":[],"failureMessages":[],"fullName":"OutputFormatters formatAsTable should handle no issues gracefully","invocations":1,"location":null,"numPassingAsserts":2,"retryReasons":[],"startAt":1759918461231,"status":"passed","title":"should handle no issues gracefully"},{"ancestorTitles":["OutputFormatters","formatAsJSON"],"duration":1,"failing":false,"failureDetails":[],"failureMessages":[],"fullName":"OutputFormatters formatAsJSON should format analysis results as JSON","invocations":1,"location":null,"numPassingAsserts":11,"retryReasons":[],"startAt":1759918461232,"status":"passed","title":"should format analysis results as JSON"},{"ancestorTitles":["OutputFormatters","formatAsJSON"],"duration":1,"failing":false,"failureDetails":[],"failureMessages":[],"fullName":"OutputFormatters formatAsJSON should group issues by category in JSON","invocations":1,"location":null,"numPassingAsserts":7,"retryReasons":[],"startAt":1759918461233,"status":"passed","title":"should group issues by category in JSON"},{"ancestorTitles":["OutputFormatters","formatAsJSON"],"duration":1,"failing":false,"failureDetails":[],"failureMessages":[],"fullName":"OutputFormatters formatAsJSON should include files when requested","invocations":1,"location":null,"numPassingAsserts":4,"retryReasons":[],"startAt":1759918461234,"status":"passed","title":"should include files when requested"},{"ancestorTitles":["OutputFormatters","formatAsJSON"],"duration":1,"failing":false,"failureDetails":[],"failureMessages":[],"fullName":"OutputFormatters formatAsJSON should not include files when not requested","invocations":1,"location":null,"numPassingAsserts":1,"retryReasons":[],"startAt":1759918461235,"status":"passed","title":"should not include files when not requested"},{"ancestorTitles":["OutputFormatters","formatAsJSON"],"duration":1,"failing":false,"failureDetails":[],"failureMessages":[],"fullName":"OutputFormatters formatAsJSON should output pure JSON without decorative headers","invocations":1,"location":null,"numPassingAsserts":5,"retryReasons":[],"startAt":1759918461236,"status":"passed","title":"should output pure JSON without decorative headers"},{"ancestorTitles":["OutputFormatters","formatAsMarkdown"],"duration":1,"failing":false,"failureDetails":[],"failureMessages":[],"fullName":"OutputFormatters formatAsMarkdown should format analysis results as markdown","invocations":1,"location":null,"numPassingAsserts":9,"retryReasons":[],"startAt":1759918461237,"status":"passed","title":"should format analysis results as markdown"},{"ancestorTitles":["OutputFormatters","formatAsMarkdown"],"duration":0,"failing":false,"failureDetails":[],"failureMessages":[],"fullName":"OutputFormatters formatAsMarkdown should group issues by category in markdown","invocations":1,"location":null,"numPassingAsserts":8,"retryReasons":[],"startAt":1759918461239,"status":"passed","title":"should group issues by category in markdown"},{"ancestorTitles":["OutputFormatters","formatAsMarkdown"],"duration":0,"failing":false,"failureDetails":[],"failureMessages":[],"fullName":"OutputFormatters formatAsMarkdown should include suggestions and replacements in markdown","invocations":1,"location":null,"numPassingAsserts":9,"retryReasons":[],"startAt":1759918461240,"status":"passed","title":"should include suggestions and replacements in markdown"},{"ancestorTitles":["OutputFormatters","formatAsMarkdown"],"duration":1,"failing":false,"failureDetails":[],"failureMessages":[],"fullName":"OutputFormatters formatAsMarkdown should handle show more issues with details","invocations":1,"location":null,"numPassingAsserts":3,"retryReasons":[],"startAt":1759918461240,"status":"passed","title":"should handle show more issues with details"},{"ancestorTitles":["OutputFormatters","formatAsMarkdown"],"duration":1,"failing":false,"failureDetails":[],"failureMessages":[],"fullName":"OutputFormatters formatAsMarkdown should not include recommendations section as it has been removed","invocations":1,"location":null,"numPassingAsserts":3,"retryReasons":[],"startAt":1759918461241,"status":"passed","title":"should not include recommendations section as it has been removed"},{"ancestorTitles":["OutputFormatters","formatAsMarkdown"],"duration":3,"failing":false,"failureDetails":[],"failureMessages":[],"fullName":"OutputFormatters formatAsMarkdown should include files table when requested","invocations":1,"location":null,"numPassingAsserts":4,"retryReasons":[],"startAt":1759918461242,"status":"passed","title":"should include files table when requested"},{"ancestorTitles":["OutputFormatters","formatAsMarkdown"],"duration":1,"failing":false,"failureDetails":[],"failureMessages":[],"fullName":"OutputFormatters formatAsMarkdown should include timestamp in footer when requested","invocations":1,"location":null,"numPassingAsserts":2,"retryReasons":[],"startAt":1759918461245,"status":"passed","title":"should include timestamp in footer when requested"},{"ancestorTitles":["OutputFormatters","formatAsMarkdown"],"duration":1,"failing":false,"failureDetails":[],"failureMessages":[],"fullName":"OutputFormatters formatAsMarkdown should handle no issues gracefully","invocations":1,"location":null,"numPassingAsserts":3,"retryReasons":[],"startAt":1759918461246,"status":"passed","title":"should handle no issues gracefully"},{"ancestorTitles":["OutputFormatters","formatAsSarif"],"duration":1,"failing":false,"failureDetails":[],"failureMessages":[],"fullName":"OutputFormatters formatAsSarif should format analysis results as SARIF 2.1.0","invocations":1,"location":null,"numPassingAsserts":11,"retryReasons":[],"startAt":1759918461247,"status":"passed","title":"should format analysis results as SARIF 2.1.0"},{"ancestorTitles":["OutputFormatters","formatAsSarif"],"duration":1,"failing":false,"failureDetails":[],"failureMessages":[],"fullName":"OutputFormatters formatAsSarif should map Visor categories to SARIF rule IDs correctly","invocations":1,"location":null,"numPassingAsserts":3,"retryReasons":[],"startAt":1759918461248,"status":"passed","title":"should map Visor categories to SARIF rule IDs correctly"},{"ancestorTitles":["OutputFormatters","formatAsSarif"],"duration":1,"failing":false,"failureDetails":[],"failureMessages":[],"fullName":"OutputFormatters formatAsSarif should map Visor severities to SARIF levels correctly","invocations":1,"location":null,"numPassingAsserts":3,"retryReasons":[],"startAt":1759918461249,"status":"passed","title":"should map Visor severities to SARIF levels correctly"},{"ancestorTitles":["OutputFormatters","formatAsSarif"],"duration":1,"failing":false,"failureDetails":[],"failureMessages":[],"fullName":"OutputFormatters formatAsSarif should include proper location information","invocations":1,"location":null,"numPassingAsserts":5,"retryReasons":[],"startAt":1759918461250,"status":"passed","title":"should include proper location information"},{"ancestorTitles":["OutputFormatters","formatAsSarif"],"duration":1,"failing":false,"failureDetails":[],"failureMessages":[],"fullName":"OutputFormatters formatAsSarif should include rule definitions with proper structure","invocations":1,"location":null,"numPassingAsserts":7,"retryReasons":[],"startAt":1759918461251,"status":"passed","title":"should include rule definitions with proper structure"},{"ancestorTitles":["OutputFormatters","formatAsSarif"],"duration":0,"failing":false,"failureDetails":[],"failureMessages":[],"fullName":"OutputFormatters formatAsSarif should handle empty results gracefully","invocations":1,"location":null,"numPassingAsserts":3,"retryReasons":[],"startAt":1759918461252,"status":"passed","title":"should handle empty results gracefully"},{"ancestorTitles":["OutputFormatters","formatAsSarif"],"duration":1,"failing":false,"failureDetails":[],"failureMessages":[],"fullName":"OutputFormatters formatAsSarif should output pure SARIF JSON without decorative headers","invocations":1,"location":null,"numPassingAsserts":5,"retryReasons":[],"startAt":1759918461252,"status":"passed","title":"should output pure SARIF JSON without decorative headers"},{"ancestorTitles":["OutputFormatters","Edge Cases"],"duration":1,"failing":false,"failureDetails":[],"failureMessages":[],"fullName":"OutputFormatters Edge Cases should handle empty repository info","invocations":1,"location":null,"numPassingAsserts":3,"retryReasons":[],"startAt":1759918461253,"status":"passed","title":"should handle empty repository info"},{"ancestorTitles":["OutputFormatters","Edge Cases"],"duration":22,"failing":false,"failureDetails":[],"failureMessages":[],"fullName":"OutputFormatters Edge Cases should handle very long messages","invocations":1,"location":null,"numPassingAsserts":4,"retryReasons":[],"startAt":1759918461254,"status":"passed","title":"should handle very long messages"},{"ancestorTitles":["OutputFormatters","Edge Cases"],"duration":22,"failing":false,"failureDetails":[],"failureMessages":[],"fullName":"OutputFormatters Edge Cases should break single long words to prevent wrap-ansi slow path","invocations":1,"location":null,"numPassingAsserts":2,"retryReasons":[],"startAt":1759918461276,"status":"passed","title":"should break single long words to prevent wrap-ansi slow path"},{"ancestorTitles":["OutputFormatters","Edge Cases"],"duration":9799,"failing":false,"failureDetails":[],"failureMessages":[],"fullName":"OutputFormatters Edge Cases should format sizable code replacements without hanging","invocations":1,"location":null,"numPassingAsserts":2,"retryReasons":[],"startAt":1759918461298,"status":"passed","title":"should format sizable code replacements without hanging"}],"endTime":1759918471098,"message":"","name":"/home/buger/projects/visor2/tests/unit/cli/output-formatters.test.ts","startTime":1759918459751,"status":"passed","summary":""},{"assertionResults":[{"ancestorTitles":["Visor Integration E2E Tests","Visor CLI Mode Integration"],"duration":2,"failing":false,"failureDetails":[],"failureMessages":[],"fullName":"Visor Integration E2E Tests Visor CLI Mode Integration should detect Visor config and use CLI mode","invocations":1,"location":null,"numPassingAsserts":1,"retryReasons":[],"startAt":1759918473218,"status":"passed","title":"should detect Visor config and use CLI mode"},{"ancestorTitles":["Visor Integration E2E Tests","Visor CLI Mode Integration"],"duration":1,"failing":false,"failureDetails":[],"failureMessages":[],"fullName":"Visor Integration E2E Tests Visor CLI Mode Integration should detect Visor checks and use CLI mode","invocations":1,"location":null,"numPassingAsserts":4,"retryReasons":[],"startAt":1759918473221,"status":"passed","title":"should detect Visor checks and use CLI mode"},{"ancestorTitles":["Visor Integration E2E Tests","Visor CLI Mode Integration"],"duration":2,"failing":false,"failureDetails":[],"failureMessages":[],"fullName":"Visor Integration E2E Tests Visor CLI Mode Integration should fall back to legacy mode when no Visor inputs","invocations":1,"location":null,"numPassingAsserts":1,"retryReasons":[],"startAt":1759918473222,"status":"passed","title":"should fall back to legacy mode when no Visor inputs"},{"ancestorTitles":["Visor Integration E2E Tests","Event Mapping and Selective Execution"],"duration":2,"failing":false,"failureDetails":[],"failureMessages":[],"fullName":"Visor Integration E2E Tests Event Mapping and Selective Execution should map PR events correctly","invocations":1,"location":null,"numPassingAsserts":4,"retryReasons":[],"startAt":1759918473224,"status":"passed","title":"should map PR events correctly"},{"ancestorTitles":["Visor Integration E2E Tests","Event Mapping and Selective Execution"],"duration":1,"failing":false,"failureDetails":[],"failureMessages":[],"fullName":"Visor Integration E2E Tests Event Mapping and Selective Execution should handle file-based selective execution","invocations":1,"location":null,"numPassingAsserts":4,"retryReasons":[],"startAt":1759918473226,"status":"passed","title":"should handle file-based selective execution"},{"ancestorTitles":["Visor Integration E2E Tests","Dynamic Comment Management"],"duration":3,"failing":false,"failureDetails":[],"failureMessages":[],"fullName":"Visor Integration E2E Tests Dynamic Comment Management should create comment with Visor format","invocations":1,"location":null,"numPassingAsserts":3,"retryReasons":[],"startAt":1759918473228,"status":"passed","title":"should create comment with Visor format"},{"ancestorTitles":["Visor Integration E2E Tests","Dynamic Comment Management"],"duration":1,"failing":false,"failureDetails":[],"failureMessages":[],"fullName":"Visor Integration E2E Tests Dynamic Comment Management should update existing comment","invocations":1,"location":null,"numPassingAsserts":1,"retryReasons":[],"startAt":1759918473231,"status":"passed","title":"should update existing comment"},{"ancestorTitles":["Visor Integration E2E Tests","Dynamic Comment Management"],"duration":7016,"failing":false,"failureDetails":[],"failureMessages":[],"fullName":"Visor Integration E2E Tests Dynamic Comment Management should handle collision detection","invocations":1,"location":null,"numPassingAsserts":1,"retryReasons":[],"startAt":1759918473232,"status":"passed","title":"should handle collision detection"},{"ancestorTitles":["Visor Integration E2E Tests","Backward Compatibility"],"duration":24,"failing":false,"failureDetails":[],"failureMessages":[],"fullName":"Visor Integration E2E Tests Backward Compatibility should preserve legacy comment commands","invocations":1,"location":null,"numPassingAsserts":5,"retryReasons":[],"startAt":1759918480248,"status":"passed","title":"should preserve legacy comment commands"},{"ancestorTitles":["Visor Integration E2E Tests","Backward Compatibility"],"duration":4,"failing":false,"failureDetails":[],"failureMessages":[],"fullName":"Visor Integration E2E Tests Backward Compatibility should preserve legacy action inputs","invocations":1,"location":null,"numPassingAsserts":6,"retryReasons":[],"startAt":1759918480272,"status":"passed","title":"should preserve legacy action inputs"},{"ancestorTitles":["Visor Integration E2E Tests","Backward Compatibility"],"duration":2,"failing":false,"failureDetails":[],"failureMessages":[],"fullName":"Visor Integration E2E Tests Backward Compatibility should preserve legacy outputs","invocations":1,"location":null,"numPassingAsserts":5,"retryReasons":[],"startAt":1759918480276,"status":"passed","title":"should preserve legacy outputs"},{"ancestorTitles":["Visor Integration E2E Tests","GitHub Context Passing"],"duration":1,"failing":false,"failureDetails":[],"failureMessages":[],"fullName":"Visor Integration E2E Tests GitHub Context Passing should pass GitHub context to CLI correctly","invocations":1,"location":null,"numPassingAsserts":1,"retryReasons":[],"startAt":1759918480278,"status":"passed","title":"should pass GitHub context to CLI correctly"},{"ancestorTitles":["Visor Integration E2E Tests","GitHub Context Passing"],"duration":3,"failing":false,"failureDetails":[],"failureMessages":[],"fullName":"Visor Integration E2E Tests GitHub Context Passing should handle authentication flow","invocations":1,"location":null,"numPassingAsserts":3,"retryReasons":[],"startAt":1759918480279,"status":"passed","title":"should handle authentication flow"},{"ancestorTitles":["Visor Integration E2E Tests","Error Handling and Resilience"],"duration":7,"failing":false,"failureDetails":[],"failureMessages":[],"fullName":"Visor Integration E2E Tests Error Handling and Resilience should handle invalid config gracefully","invocations":1,"location":null,"numPassingAsserts":1,"retryReasons":[],"startAt":1759918480282,"status":"passed","title":"should handle invalid config gracefully"},{"ancestorTitles":["Visor Integration E2E Tests","Error Handling and Resilience"],"duration":2,"failing":false,"failureDetails":[],"failureMessages":[],"fullName":"Visor Integration E2E Tests Error Handling and Resilience should handle GitHub API errors gracefully","invocations":1,"location":null,"numPassingAsserts":1,"retryReasons":[],"startAt":1759918480289,"status":"passed","title":"should handle GitHub API errors gracefully"},{"ancestorTitles":["Visor Integration E2E Tests","Error Handling and Resilience"],"duration":711,"failing":false,"failureDetails":[],"failureMessages":[],"fullName":"Visor Integration E2E Tests Error Handling and Resilience should handle rate limiting","invocations":1,"location":null,"numPassingAsserts":2,"retryReasons":[],"startAt":1759918480291,"status":"passed","title":"should handle rate limiting"},{"ancestorTitles":["Visor Integration E2E Tests","Integration Test Scenarios"],"duration":1,"failing":false,"failureDetails":[],"failureMessages":[],"fullName":"Visor Integration E2E Tests Integration Test Scenarios should handle complete PR review workflow","invocations":1,"location":null,"numPassingAsserts":3,"retryReasons":[],"startAt":1759918481002,"status":"passed","title":"should handle complete PR review workflow"},{"ancestorTitles":["Visor Integration E2E Tests","PR Detection Integration Tests"],"duration":48,"failing":false,"failureDetails":[],"failureMessages":[],"fullName":"Visor Integration E2E Tests PR Detection Integration Tests should detect PR from pull_request events across different actions","invocations":1,"location":null,"numPassingAsserts":30,"retryReasons":[],"startAt":1759918481003,"status":"passed","title":"should detect PR from pull_request events across different actions"},{"ancestorTitles":["Visor Integration E2E Tests","PR Detection Integration Tests"],"duration":2,"failing":false,"failureDetails":[],"failureMessages":[],"fullName":"Visor Integration E2E Tests PR Detection Integration Tests should detect PR from push events using branch-based discovery","invocations":1,"location":null,"numPassingAsserts":5,"retryReasons":[],"startAt":1759918481051,"status":"passed","title":"should detect PR from push events using branch-based discovery"},{"ancestorTitles":["Visor Integration E2E Tests","PR Detection Integration Tests"],"duration":1,"failing":false,"failureDetails":[],"failureMessages":[],"fullName":"Visor Integration E2E Tests PR Detection Integration Tests should detect PR from issue_comment events on PRs","invocations":1,"location":null,"numPassingAsserts":5,"retryReasons":[],"startAt":1759918481053,"status":"passed","title":"should detect PR from issue_comment events on PRs"},{"ancestorTitles":["Visor Integration E2E Tests","PR Detection Integration Tests"],"duration":1,"failing":false,"failureDetails":[],"failureMessages":[],"fullName":"Visor Integration E2E Tests PR Detection Integration Tests should handle fallback to commit search when branch search fails","invocations":1,"location":null,"numPassingAsserts":5,"retryReasons":[],"startAt":1759918481054,"status":"passed","title":"should handle fallback to commit search when branch search fails"},{"ancestorTitles":["Visor Integration E2E Tests","PR Detection Integration Tests"],"duration":2,"failing":false,"failureDetails":[],"failureMessages":[],"fullName":"Visor Integration E2E Tests PR Detection Integration Tests should handle environment variable-based detection","invocations":1,"location":null,"numPassingAsserts":5,"retryReasons":[],"startAt":1759918481055,"status":"passed","title":"should handle environment variable-based detection"},{"ancestorTitles":["Visor Integration E2E Tests","PR Detection Integration Tests"],"duration":1,"failing":false,"failureDetails":[],"failureMessages":[],"fullName":"Visor Integration E2E Tests PR Detection Integration Tests should handle multiple PRs for the same branch","invocations":1,"location":null,"numPassingAsserts":3,"retryReasons":[],"startAt":1759918481057,"status":"passed","title":"should handle multiple PRs for the same branch"},{"ancestorTitles":["Visor Integration E2E Tests","PR Detection Integration Tests"],"duration":1,"failing":false,"failureDetails":[],"failureMessages":[],"fullName":"Visor Integration E2E Tests PR Detection Integration Tests should handle API errors gracefully","invocations":1,"location":null,"numPassingAsserts":3,"retryReasons":[],"startAt":1759918481059,"status":"passed","title":"should handle API errors gracefully"},{"ancestorTitles":["Visor Integration E2E Tests","PR Detection Integration Tests"],"duration":2,"failing":false,"failureDetails":[],"failureMessages":[],"fullName":"Visor Integration E2E Tests PR Detection Integration Tests should handle rate limiting scenarios","invocations":1,"location":null,"numPassingAsserts":3,"retryReasons":[],"startAt":1759918481060,"status":"passed","title":"should handle rate limiting scenarios"},{"ancestorTitles":["Visor Integration E2E Tests","PR Detection Integration Tests"],"duration":2,"failing":false,"failureDetails":[],"failureMessages":[],"fullName":"Visor Integration E2E Tests PR Detection Integration Tests should work with ActionCliBridge PR context detection","invocations":1,"location":null,"numPassingAsserts":5,"retryReasons":[],"startAt":1759918481062,"status":"passed","title":"should work with ActionCliBridge PR context detection"},{"ancestorTitles":["Visor Integration E2E Tests","PR Detection Integration Tests"],"duration":1,"failing":false,"failureDetails":[],"failureMessages":[],"fullName":"Visor Integration E2E Tests PR Detection Integration Tests should validate detection strategy priority","invocations":1,"location":null,"numPassingAsserts":5,"retryReasons":[],"startAt":1759918481064,"status":"passed","title":"should validate detection strategy priority"},{"ancestorTitles":["Visor Integration E2E Tests","PR Detection Integration Tests"],"duration":1,"failing":false,"failureDetails":[],"failureMessages":[],"fullName":"Visor Integration E2E Tests PR Detection Integration Tests should provide comprehensive detection strategy information","invocations":1,"location":null,"numPassingAsserts":6,"retryReasons":[],"startAt":1759918481066,"status":"passed","title":"should provide comprehensive detection strategy information"},{"ancestorTitles":["Visor Integration E2E Tests","PR Detection Integration Tests"],"duration":6,"failing":false,"failureDetails":[],"failureMessages":[],"fullName":"Visor Integration E2E Tests PR Detection Integration Tests should handle missing repository information gracefully","invocations":1,"location":null,"numPassingAsserts":4,"retryReasons":[],"startAt":1759918481067,"status":"passed","title":"should handle missing repository information gracefully"}],"endTime":1759918481077,"message":"","name":"/home/buger/projects/visor2/tests/e2e/visor-integration.test.ts","startTime":1759918471102,"status":"passed","summary":""},{"assertionResults":[{"ancestorTitles":["GitHub PR Workflow Integration","PR Opened Event"],"duration":3,"failing":false,"failureDetails":[],"failureMessages":[],"fullName":"GitHub PR Workflow Integration PR Opened Event should create initial PR review comment with full analysis","invocations":1,"location":null,"numPassingAsserts":3,"retryReasons":[],"startAt":1759918481178,"status":"passed","title":"should create initial PR review comment with full analysis"},{"ancestorTitles":["GitHub PR Workflow Integration","PR Synchronize Event (New Commit)"],"duration":2,"failing":false,"failureDetails":[],"failureMessages":[],"fullName":"GitHub PR Workflow Integration PR Synchronize Event (New Commit) should update existing comment with incremental analysis","invocations":1,"location":null,"numPassingAsserts":5,"retryReasons":[],"startAt":1759918481182,"status":"passed","title":"should update existing comment with incremental analysis"},{"ancestorTitles":["GitHub PR Workflow Integration","AI Service Integration with XML Format"],"duration":2,"failing":false,"failureDetails":[],"failureMessages":[],"fullName":"GitHub PR Workflow Integration AI Service Integration with XML Format should create AI service with correct configuration","invocations":1,"location":null,"numPassingAsserts":2,"retryReasons":[],"startAt":1759918481184,"status":"passed","title":"should create AI service with correct configuration"},{"ancestorTitles":["GitHub PR Workflow Integration","AI Service Integration with XML Format"],"duration":1,"failing":false,"failureDetails":[],"failureMessages":[],"fullName":"GitHub PR Workflow Integration AI Service Integration with XML Format should handle PR data with incremental commit diff","invocations":1,"location":null,"numPassingAsserts":4,"retryReasons":[],"startAt":1759918481186,"status":"passed","title":"should handle PR data with incremental commit diff"},{"ancestorTitles":["GitHub PR Workflow Integration","AI Service Integration with XML Format"],"duration":1,"failing":false,"failureDetails":[],"failureMessages":[],"fullName":"GitHub PR Workflow Integration AI Service Integration with XML Format should handle PR data without commit diff for full analysis","invocations":1,"location":null,"numPassingAsserts":3,"retryReasons":[],"startAt":1759918481188,"status":"passed","title":"should handle PR data without commit diff for full analysis"},{"ancestorTitles":["GitHub PR Workflow Integration","Error Handling and Fallbacks"],"duration":7012,"failing":false,"failureDetails":[],"failureMessages":[],"fullName":"GitHub PR Workflow Integration Error Handling and Fallbacks should handle comment update failures gracefully","invocations":1,"location":null,"numPassingAsserts":1,"retryReasons":[],"startAt":1759918481189,"status":"passed","title":"should handle comment update failures gracefully"},{"ancestorTitles":["GitHub PR Workflow Integration","Error Handling and Fallbacks"],"duration":1,"failing":false,"failureDetails":[],"failureMessages":[],"fullName":"GitHub PR Workflow Integration Error Handling and Fallbacks should handle commit diff fetch failures","invocations":1,"location":null,"numPassingAsserts":2,"retryReasons":[],"startAt":1759918488202,"status":"passed","title":"should handle commit diff fetch failures"},{"ancestorTitles":["GitHub PR Workflow Integration","Error Handling and Fallbacks"],"duration":2,"failing":false,"failureDetails":[],"failureMessages":[],"fullName":"GitHub PR Workflow Integration Error Handling and Fallbacks should handle malformed PR data","invocations":1,"location":null,"numPassingAsserts":1,"retryReasons":[],"startAt":1759918488203,"status":"passed","title":"should handle malformed PR data"}],"endTime":1759918488205,"message":"","name":"/home/buger/projects/visor2/tests/integration/github-workflow.test.ts","startTime":1759918481081,"status":"passed","summary":""},{"assertionResults":[{"ancestorTitles":["forEach with transform_js E2E Tests"],"duration":485,"failing":false,"failureDetails":[],"failureMessages":[],"fullName":"forEach with transform_js E2E Tests should execute CLI with clean environment","invocations":1,"location":null,"numPassingAsserts":1,"retryReasons":[],"startAt":1759918488288,"status":"passed","title":"should execute CLI with clean environment"},{"ancestorTitles":["forEach with transform_js E2E Tests"],"duration":633,"failing":false,"failureDetails":[],"failureMessages":[],"fullName":"forEach with transform_js E2E Tests should propagate individual forEach items to dependent checks with transform_js","invocations":1,"location":null,"numPassingAsserts":6,"retryReasons":[],"startAt":1759918488773,"status":"passed","title":"should propagate individual forEach items to dependent checks with transform_js"},{"ancestorTitles":["forEach with transform_js E2E Tests"],"duration":623,"failing":false,"failureDetails":[],"failureMessages":[],"fullName":"forEach with transform_js E2E Tests should support transform_js using output.tickets without explicit JSON.parse","invocations":1,"location":null,"numPassingAsserts":2,"retryReasons":[],"startAt":1759918489407,"status":"passed","title":"should support transform_js using output.tickets without explicit JSON.parse"},{"ancestorTitles":["forEach with transform_js E2E Tests"],"duration":611,"failing":false,"failureDetails":[],"failureMessages":[],"fullName":"forEach with transform_js E2E Tests should handle nested object extraction with transform_js and forEach","invocations":1,"location":null,"numPassingAsserts":2,"retryReasons":[],"startAt":1759918490030,"status":"passed","title":"should handle nested object extraction with transform_js and forEach"},{"ancestorTitles":["forEach with transform_js E2E Tests"],"duration":621,"failing":false,"failureDetails":[],"failureMessages":[],"fullName":"forEach with transform_js E2E Tests should handle transform_js returning non-array and convert to array","invocations":1,"location":null,"numPassingAsserts":1,"retryReasons":[],"startAt":1759918490641,"status":"passed","title":"should handle transform_js returning non-array and convert to array"},{"ancestorTitles":["forEach with transform_js E2E Tests"],"duration":628,"failing":false,"failureDetails":[],"failureMessages":[],"fullName":"forEach with transform_js E2E Tests should handle multiple levels of dependencies with forEach","invocations":1,"location":null,"numPassingAsserts":2,"retryReasons":[],"startAt":1759918491263,"status":"passed","title":"should handle multiple levels of dependencies with forEach"},{"ancestorTitles":["forEach with transform_js E2E Tests"],"duration":606,"failing":false,"failureDetails":[],"failureMessages":[],"fullName":"forEach with transform_js E2E Tests should handle empty array from transform_js gracefully","invocations":1,"location":null,"numPassingAsserts":2,"retryReasons":[],"startAt":1759918491891,"status":"passed","title":"should handle empty array from transform_js gracefully"},{"ancestorTitles":["forEach with transform_js E2E Tests"],"duration":599,"failing":false,"failureDetails":[],"failureMessages":[],"fullName":"forEach with transform_js E2E Tests should raise error on undefined forEach output and skip dependents","invocations":1,"location":null,"numPassingAsserts":4,"retryReasons":[],"startAt":1759918492497,"status":"passed","title":"should raise error on undefined forEach output and skip dependents"},{"ancestorTitles":["forEach with transform_js E2E Tests"],"duration":602,"failing":false,"failureDetails":[],"failureMessages":[],"fullName":"forEach with transform_js E2E Tests should properly aggregate issues from forEach dependent checks","invocations":1,"location":null,"numPassingAsserts":3,"retryReasons":[],"startAt":1759918493096,"status":"passed","title":"should properly aggregate issues from forEach dependent checks"},{"ancestorTitles":["forEach with transform_js E2E Tests"],"duration":628,"failing":false,"failureDetails":[],"failureMessages":[],"fullName":"forEach with transform_js E2E Tests should handle complex JSON transformation with forEach","invocations":1,"location":null,"numPassingAsserts":3,"retryReasons":[],"startAt":1759918493698,"status":"passed","title":"should handle complex JSON transformation with forEach"},{"ancestorTitles":["forEach with transform_js E2E Tests","error handling"],"duration":616,"failing":false,"failureDetails":[],"failureMessages":[],"fullName":"forEach with transform_js E2E Tests error handling should handle transform_js errors gracefully","invocations":1,"location":null,"numPassingAsserts":2,"retryReasons":[],"startAt":1759918494326,"status":"passed","title":"should handle transform_js errors gracefully"},{"ancestorTitles":["forEach with transform_js E2E Tests","error handling"],"duration":622,"failing":false,"failureDetails":[],"failureMessages":[],"fullName":"forEach with transform_js E2E Tests error handling should handle malformed JSON in command output","invocations":1,"location":null,"numPassingAsserts":3,"retryReasons":[],"startAt":1759918494942,"status":"passed","title":"should handle malformed JSON in command output"}],"endTime":1759918495564,"message":"","name":"/home/buger/projects/visor2/tests/e2e/foreach-transform-e2e.test.ts","startTime":1759918488210,"status":"passed","summary":""},{"assertionResults":[{"ancestorTitles":["CLI Workflow Integration Tests","Help and Version Commands"],"duration":418,"failing":false,"failureDetails":[],"failureMessages":[],"fullName":"CLI Workflow Integration Tests Help and Version Commands should display help when --help flag is used","invocations":1,"location":null,"numPassingAsserts":6,"retryReasons":[],"startAt":1759918495666,"status":"passed","title":"should display help when --help flag is used"},{"ancestorTitles":["CLI Workflow Integration Tests","Help and Version Commands"],"duration":420,"failing":false,"failureDetails":[],"failureMessages":[],"fullName":"CLI Workflow Integration Tests Help and Version Commands should display help when -h flag is used","invocations":1,"location":null,"numPassingAsserts":2,"retryReasons":[],"startAt":1759918496084,"status":"passed","title":"should display help when -h flag is used"},{"ancestorTitles":["CLI Workflow Integration Tests","Help and Version Commands"],"duration":410,"failing":false,"failureDetails":[],"failureMessages":[],"fullName":"CLI Workflow Integration Tests Help and Version Commands should display version when --version flag is used","invocations":1,"location":null,"numPassingAsserts":2,"retryReasons":[],"startAt":1759918496505,"status":"passed","title":"should display version when --version flag is used"},{"ancestorTitles":["CLI Workflow Integration Tests","Help and Version Commands"],"duration":416,"failing":false,"failureDetails":[],"failureMessages":[],"fullName":"CLI Workflow Integration Tests Help and Version Commands should display version when -V flag is used","invocations":1,"location":null,"numPassingAsserts":2,"retryReasons":[],"startAt":1759918496915,"status":"passed","title":"should display version when -V flag is used"},{"ancestorTitles":["CLI Workflow Integration Tests","Argument Validation"],"duration":510,"failing":false,"failureDetails":[],"failureMessages":[],"fullName":"CLI Workflow Integration Tests Argument Validation should show error for invalid check type","invocations":1,"location":null,"numPassingAsserts":2,"retryReasons":[],"startAt":1759918497331,"status":"passed","title":"should show error for invalid check type"},{"ancestorTitles":["CLI Workflow Integration Tests","Argument Validation"],"duration":464,"failing":false,"failureDetails":[],"failureMessages":[],"fullName":"CLI Workflow Integration Tests Argument Validation should show error for invalid output format","invocations":1,"location":null,"numPassingAsserts":2,"retryReasons":[],"startAt":1759918497841,"status":"passed","title":"should show error for invalid output format"},{"ancestorTitles":["CLI Workflow Integration Tests","Argument Validation"],"duration":413,"failing":false,"failureDetails":[],"failureMessages":[],"fullName":"CLI Workflow Integration Tests Argument Validation should show error for unknown options","invocations":1,"location":null,"numPassingAsserts":2,"retryReasons":[],"startAt":1759918498305,"status":"passed","title":"should show error for unknown options"},{"ancestorTitles":["CLI Workflow Integration Tests","Argument Validation"],"duration":412,"failing":false,"failureDetails":[],"failureMessages":[],"fullName":"CLI Workflow Integration Tests Argument Validation should show error for missing required arguments","invocations":1,"location":null,"numPassingAsserts":2,"retryReasons":[],"startAt":1759918498718,"status":"passed","title":"should show error for missing required arguments"},{"ancestorTitles":["CLI Workflow Integration Tests","Non-Git Repository Handling"],"duration":463,"failing":false,"failureDetails":[],"failureMessages":[],"fullName":"CLI Workflow Integration Tests Non-Git Repository Handling should show error when not in a git repository","invocations":1,"location":null,"numPassingAsserts":2,"retryReasons":[],"startAt":1759918499130,"status":"passed","title":"should show error when not in a git repository"},{"ancestorTitles":["CLI Workflow Integration Tests","Non-Git Repository Handling"],"duration":501,"failing":false,"failureDetails":[],"failureMessages":[],"fullName":"CLI Workflow Integration Tests Non-Git Repository Handling should handle empty directory gracefully","invocations":1,"location":null,"numPassingAsserts":2,"retryReasons":[],"startAt":1759918499594,"status":"passed","title":"should handle empty directory gracefully"},{"ancestorTitles":["CLI Workflow Integration Tests","Basic Check Execution"],"duration":null,"failing":false,"failureDetails":[],"failureMessages":[],"fullName":"CLI Workflow Integration Tests Basic Check Execution should execute security checks successfully","invocations":1,"location":null,"numPassingAsserts":0,"retryReasons":[],"startAt":1759918500095,"status":"pending","title":"should execute security checks successfully"},{"ancestorTitles":["CLI Workflow Integration Tests","Basic Check Execution"],"duration":null,"failing":false,"failureDetails":[],"failureMessages":[],"fullName":"CLI Workflow Integration Tests Basic Check Execution should execute performance checks successfully","invocations":1,"location":null,"numPassingAsserts":0,"retryReasons":[],"startAt":1759918500096,"status":"pending","title":"should execute performance checks successfully"},{"ancestorTitles":["CLI Workflow Integration Tests","Basic Check Execution"],"duration":null,"failing":false,"failureDetails":[],"failureMessages":[],"fullName":"CLI Workflow Integration Tests Basic Check Execution should execute style checks successfully","invocations":1,"location":null,"numPassingAsserts":0,"retryReasons":[],"startAt":1759918500096,"status":"pending","title":"should execute style checks successfully"},{"ancestorTitles":["CLI Workflow Integration Tests","Output Format Testing"],"duration":null,"failing":false,"failureDetails":[],"failureMessages":[],"fullName":"CLI Workflow Integration Tests Output Format Testing should output in table format (default)","invocations":1,"location":null,"numPassingAsserts":0,"retryReasons":[],"startAt":1759918500096,"status":"pending","title":"should output in table format (default)"},{"ancestorTitles":["CLI Workflow Integration Tests","Output Format Testing"],"duration":null,"failing":false,"failureDetails":[],"failureMessages":[],"fullName":"CLI Workflow Integration Tests Output Format Testing should output in JSON format","invocations":1,"location":null,"numPassingAsserts":0,"retryReasons":[],"startAt":1759918500096,"status":"pending","title":"should output in JSON format"},{"ancestorTitles":["CLI Workflow Integration Tests","Output Format Testing"],"duration":null,"failing":false,"failureDetails":[],"failureMessages":[],"fullName":"CLI Workflow Integration Tests Output Format Testing should output in markdown format","invocations":1,"location":null,"numPassingAsserts":0,"retryReasons":[],"startAt":1759918500096,"status":"pending","title":"should output in markdown format"},{"ancestorTitles":["CLI Workflow Integration Tests","Repository Analysis"],"duration":null,"failing":false,"failureDetails":[],"failureMessages":[],"fullName":"CLI Workflow Integration Tests Repository Analysis should show repository status information","invocations":1,"location":null,"numPassingAsserts":0,"retryReasons":[],"startAt":1759918500096,"status":"pending","title":"should show repository status information"},{"ancestorTitles":["CLI Workflow Integration Tests","Repository Analysis"],"duration":null,"failing":false,"failureDetails":[],"failureMessages":[],"fullName":"CLI Workflow Integration Tests Repository Analysis should handle repositories with no changes","invocations":1,"location":null,"numPassingAsserts":0,"retryReasons":[],"startAt":1759918500096,"status":"pending","title":"should handle repositories with no changes"},{"ancestorTitles":["CLI Workflow Integration Tests","Error Scenarios"],"duration":454,"failing":false,"failureDetails":[],"failureMessages":[],"fullName":"CLI Workflow Integration Tests Error Scenarios should handle configuration file not found gracefully","invocations":1,"location":null,"numPassingAsserts":3,"retryReasons":[],"startAt":1759918500096,"status":"passed","title":"should handle configuration file not found gracefully"},{"ancestorTitles":["CLI Workflow Integration Tests","Error Scenarios"],"duration":583,"failing":false,"failureDetails":[],"failureMessages":[],"fullName":"CLI Workflow Integration Tests Error Scenarios should use bundled default checks when no checks specified","invocations":1,"location":null,"numPassingAsserts":3,"retryReasons":[],"startAt":1759918500551,"status":"passed","title":"should use bundled default checks when no checks specified"},{"ancestorTitles":["CLI Workflow Integration Tests","Error Scenarios"],"duration":404,"failing":false,"failureDetails":[],"failureMessages":[],"fullName":"CLI Workflow Integration Tests Error Scenarios should handle CLI parsing errors gracefully","invocations":1,"location":null,"numPassingAsserts":2,"retryReasons":[],"startAt":1759918501134,"status":"passed","title":"should handle CLI parsing errors gracefully"},{"ancestorTitles":["CLI Workflow Integration Tests","Performance and Reliability"],"duration":null,"failing":false,"failureDetails":[],"failureMessages":[],"fullName":"CLI Workflow Integration Tests Performance and Reliability should complete analysis within reasonable time","invocations":1,"location":null,"numPassingAsserts":0,"retryReasons":[],"startAt":1759918501539,"status":"pending","title":"should complete analysis within reasonable time"},{"ancestorTitles":["CLI Workflow Integration Tests","Performance and Reliability"],"duration":null,"failing":false,"failureDetails":[],"failureMessages":[],"fullName":"CLI Workflow Integration Tests Performance and Reliability should handle concurrent executions","invocations":1,"location":null,"numPassingAsserts":0,"retryReasons":[],"startAt":1759918501539,"status":"pending","title":"should handle concurrent executions"},{"ancestorTitles":["CLI Workflow Integration Tests","Configuration Integration"],"duration":null,"failing":false,"failureDetails":[],"failureMessages":[],"fullName":"CLI Workflow Integration Tests Configuration Integration should work with default configuration","invocations":1,"location":null,"numPassingAsserts":0,"retryReasons":[],"startAt":1759918501539,"status":"pending","title":"should work with default configuration"},{"ancestorTitles":["CLI Workflow Integration Tests","Configuration Integration"],"duration":null,"failing":false,"failureDetails":[],"failureMessages":[],"fullName":"CLI Workflow Integration Tests Configuration Integration should handle custom configuration path","invocations":1,"location":null,"numPassingAsserts":0,"retryReasons":[],"startAt":1759918501539,"status":"pending","title":"should handle custom configuration path"},{"ancestorTitles":["CLI Workflow Integration Tests","Edge Cases"],"duration":null,"failing":false,"failureDetails":[],"failureMessages":[],"fullName":"CLI Workflow Integration Tests Edge Cases should handle very large repository gracefully","invocations":1,"location":null,"numPassingAsserts":0,"retryReasons":[],"startAt":1759918501539,"status":"pending","title":"should handle very large repository gracefully"},{"ancestorTitles":["CLI Workflow Integration Tests","Edge Cases"],"duration":null,"failing":false,"failureDetails":[],"failureMessages":[],"fullName":"CLI Workflow Integration Tests Edge Cases should handle special characters in file names","invocations":1,"location":null,"numPassingAsserts":0,"retryReasons":[],"startAt":1759918501539,"status":"pending","title":"should handle special characters in file names"}],"endTime":1759918501540,"message":"","name":"/home/buger/projects/visor2/tests/integration/cli-workflow.test.ts","startTime":1759918495567,"status":"focused","summary":""},{"assertionResults":[{"ancestorTitles":["Execution Statistics","Statistics Tracking"],"duration":388,"failing":false,"failureDetails":[],"failureMessages":[],"fullName":"Execution Statistics Statistics Tracking should track single check execution","invocations":1,"location":null,"numPassingAsserts":11,"retryReasons":[],"startAt":1759918501638,"status":"passed","title":"should track single check execution"},{"ancestorTitles":["Execution Statistics","Statistics Tracking"],"duration":401,"failing":false,"failureDetails":[],"failureMessages":[],"fullName":"Execution Statistics Statistics Tracking should track forEach check execution","invocations":1,"location":null,"numPassingAsserts":6,"retryReasons":[],"startAt":1759918502026,"status":"passed","title":"should track forEach check execution"},{"ancestorTitles":["Execution Statistics","Statistics Tracking"],"duration":372,"failing":false,"failureDetails":[],"failureMessages":[],"fullName":"Execution Statistics Statistics Tracking should track skipped checks with if condition","invocations":1,"location":null,"numPassingAsserts":8,"retryReasons":[],"startAt":1759918502428,"status":"passed","title":"should track skipped checks with if condition"},{"ancestorTitles":["Execution Statistics","Statistics Tracking"],"duration":379,"failing":false,"failureDetails":[],"failureMessages":[],"fullName":"Execution Statistics Statistics Tracking should track command failures as failed runs with issues","invocations":1,"location":null,"numPassingAsserts":7,"retryReasons":[],"startAt":1759918502800,"status":"passed","title":"should track command failures as failed runs with issues"},{"ancestorTitles":["Execution Statistics","Statistics Tracking"],"duration":377,"failing":false,"failureDetails":[],"failureMessages":[],"fullName":"Execution Statistics Statistics Tracking should track outputs produced","invocations":1,"location":null,"numPassingAsserts":2,"retryReasons":[],"startAt":1759918503179,"status":"passed","title":"should track outputs produced"},{"ancestorTitles":["Execution Statistics","Statistics Tracking"],"duration":481,"failing":false,"failureDetails":[],"failureMessages":[],"fullName":"Execution Statistics Statistics Tracking should track execution duration","invocations":1,"location":null,"numPassingAsserts":2,"retryReasons":[],"startAt":1759918503556,"status":"passed","title":"should track execution duration"},{"ancestorTitles":["Execution Statistics","Statistics Tracking"],"duration":386,"failing":false,"failureDetails":[],"failureMessages":[],"fullName":"Execution Statistics Statistics Tracking should track multiple checks with different outcomes","invocations":1,"location":null,"numPassingAsserts":8,"retryReasons":[],"startAt":1759918504037,"status":"passed","title":"should track multiple checks with different outcomes"},{"ancestorTitles":["Execution Statistics","Statistics in JSON Output"],"duration":379,"failing":false,"failureDetails":[],"failureMessages":[],"fullName":"Execution Statistics Statistics in JSON Output should include execution statistics in JSON output","invocations":1,"location":null,"numPassingAsserts":2,"retryReasons":[],"startAt":1759918504424,"status":"passed","title":"should include execution statistics in JSON output"},{"ancestorTitles":["Execution Statistics","forEach Preview"],"duration":421,"failing":false,"failureDetails":[],"failureMessages":[],"fullName":"Execution Statistics forEach Preview should store preview of forEach items","invocations":1,"location":null,"numPassingAsserts":3,"retryReasons":[],"startAt":1759918504803,"status":"passed","title":"should store preview of forEach items"},{"ancestorTitles":["Execution Statistics","Issue Severity Tracking"],"duration":377,"failing":false,"failureDetails":[],"failureMessages":[],"fullName":"Execution Statistics Issue Severity Tracking should track issues by severity when using code-review schema","invocations":1,"location":null,"numPassingAsserts":6,"retryReasons":[],"startAt":1759918505225,"status":"passed","title":"should track issues by severity when using code-review schema"},{"ancestorTitles":["Execution Statistics","Partial forEach Success/Failure"],"duration":404,"failing":false,"failureDetails":[],"failureMessages":[],"fullName":"Execution Statistics Partial forEach Success/Failure should track partial forEach success when some iterations fail","invocations":1,"location":null,"numPassingAsserts":3,"retryReasons":[],"startAt":1759918505602,"status":"passed","title":"should track partial forEach success when some iterations fail"}],"endTime":1759918506007,"message":"","name":"/home/buger/projects/visor2/tests/unit/execution-statistics.test.ts","startTime":1759918501544,"status":"passed","summary":""},{"assertionResults":[{"ancestorTitles":["Execution Statistics Integration Tests","Complex forEach Scenarios"],"duration":419,"failing":false,"failureDetails":[],"failureMessages":[],"fullName":"Execution Statistics Integration Tests Complex forEach Scenarios should track nested forEach dependencies correctly","invocations":1,"location":null,"numPassingAsserts":4,"retryReasons":[],"startAt":1759918506091,"status":"passed","title":"should track nested forEach dependencies correctly"},{"ancestorTitles":["Execution Statistics Integration Tests","Complex forEach Scenarios"],"duration":396,"failing":false,"failureDetails":[],"failureMessages":[],"fullName":"Execution Statistics Integration Tests Complex forEach Scenarios should track forEach with conditional skip in iterations","invocations":1,"location":null,"numPassingAsserts":1,"retryReasons":[],"startAt":1759918506510,"status":"passed","title":"should track forEach with conditional skip in iterations"},{"ancestorTitles":["Execution Statistics Integration Tests","Dependency Chain with Mixed Execution"],"duration":388,"failing":false,"failureDetails":[],"failureMessages":[],"fullName":"Execution Statistics Integration Tests Dependency Chain with Mixed Execution should track complex dependency chains correctly","invocations":1,"location":null,"numPassingAsserts":3,"retryReasons":[],"startAt":1759918506907,"status":"passed","title":"should track complex dependency chains correctly"},{"ancestorTitles":["Execution Statistics Integration Tests","Performance Tracking"],"duration":596,"failing":false,"failureDetails":[],"failureMessages":[],"fullName":"Execution Statistics Integration Tests Performance Tracking should track per-iteration duration for forEach","invocations":1,"location":null,"numPassingAsserts":4,"retryReasons":[],"startAt":1759918507295,"status":"passed","title":"should track per-iteration duration for forEach"},{"ancestorTitles":["Execution Statistics Integration Tests","Error Scenarios"],"duration":379,"failing":false,"failureDetails":[],"failureMessages":[],"fullName":"Execution Statistics Integration Tests Error Scenarios should track command failures as issues not failed runs","invocations":1,"location":null,"numPassingAsserts":4,"retryReasons":[],"startAt":1759918507891,"status":"passed","title":"should track command failures as issues not failed runs"},{"ancestorTitles":["Execution Statistics Integration Tests","Output Format Compatibility"],"duration":377,"failing":false,"failureDetails":[],"failureMessages":[],"fullName":"Execution Statistics Integration Tests Output Format Compatibility should include statistics in JSON output format","invocations":1,"location":null,"numPassingAsserts":4,"retryReasons":[],"startAt":1759918508270,"status":"passed","title":"should include statistics in JSON output format"},{"ancestorTitles":["Execution Statistics Integration Tests","Output Format Compatibility"],"duration":379,"failing":false,"failureDetails":[],"failureMessages":[],"fullName":"Execution Statistics Integration Tests Output Format Compatibility should include statistics in table output format","invocations":1,"location":null,"numPassingAsserts":1,"retryReasons":[],"startAt":1759918508647,"status":"passed","title":"should include statistics in table output format"},{"ancestorTitles":["Execution Statistics Integration Tests","Parallel Execution Statistics"],"duration":391,"failing":false,"failureDetails":[],"failureMessages":[],"fullName":"Execution Statistics Integration Tests Parallel Execution Statistics should track parallel check execution correctly","invocations":1,"location":null,"numPassingAsserts":3,"retryReasons":[],"startAt":1759918509026,"status":"passed","title":"should track parallel check execution correctly"},{"ancestorTitles":["Execution Statistics Integration Tests","Fail-Fast Scenarios"],"duration":378,"failing":false,"failureDetails":[],"failureMessages":[],"fullName":"Execution Statistics Integration Tests Fail-Fast Scenarios should track checks stopped by fail-fast","invocations":1,"location":null,"numPassingAsserts":5,"retryReasons":[],"startAt":1759918509417,"status":"passed","title":"should track checks stopped by fail-fast"},{"ancestorTitles":["Execution Statistics Integration Tests","Tag Filtering with Statistics"],"duration":378,"failing":false,"failureDetails":[],"failureMessages":[],"fullName":"Execution Statistics Integration Tests Tag Filtering with Statistics should only track checks matching tag filter","invocations":1,"location":null,"numPassingAsserts":2,"retryReasons":[],"startAt":1759918509795,"status":"passed","title":"should only track checks matching tag filter"}],"endTime":1759918510174,"message":"","name":"/home/buger/projects/visor2/tests/integration/execution-statistics-integration.test.ts","startTime":1759918506010,"status":"passed","summary":""},{"assertionResults":[{"ancestorTitles":["forEach with transform_js E2E Verification Tests"],"duration":618,"failing":false,"failureDetails":[],"failureMessages":[],"fullName":"forEach with transform_js E2E Verification Tests should propagate individual forEach items by generating unique issues","invocations":1,"location":null,"numPassingAsserts":13,"retryReasons":[],"startAt":1759918510246,"status":"passed","title":"should propagate individual forEach items by generating unique issues"},{"ancestorTitles":["forEach with transform_js E2E Verification Tests"],"duration":616,"failing":false,"failureDetails":[],"failureMessages":[],"fullName":"forEach with transform_js E2E Verification Tests should handle nested object access in forEach items","invocations":1,"location":null,"numPassingAsserts":9,"retryReasons":[],"startAt":1759918510865,"status":"passed","title":"should handle nested object access in forEach items"},{"ancestorTitles":["forEach with transform_js E2E Verification Tests"],"duration":613,"failing":false,"failureDetails":[],"failureMessages":[],"fullName":"forEach with transform_js E2E Verification Tests should handle transform_js that flattens nested arrays","invocations":1,"location":null,"numPassingAsserts":4,"retryReasons":[],"startAt":1759918511481,"status":"passed","title":"should handle transform_js that flattens nested arrays"},{"ancestorTitles":["forEach with transform_js E2E Verification Tests"],"duration":596,"failing":false,"failureDetails":[],"failureMessages":[],"fullName":"forEach with transform_js E2E Verification Tests should handle empty array from transform_js","invocations":1,"location":null,"numPassingAsserts":1,"retryReasons":[],"startAt":1759918512094,"status":"passed","title":"should handle empty array from transform_js"},{"ancestorTitles":["forEach with transform_js E2E Verification Tests"],"duration":593,"failing":false,"failureDetails":[],"failureMessages":[],"fullName":"forEach with transform_js E2E Verification Tests should handle transform_js errors gracefully","invocations":1,"location":null,"numPassingAsserts":4,"retryReasons":[],"startAt":1759918512691,"status":"passed","title":"should handle transform_js errors gracefully"},{"ancestorTitles":["forEach with transform_js E2E Verification Tests"],"duration":616,"failing":false,"failureDetails":[],"failureMessages":[],"fullName":"forEach with transform_js E2E Verification Tests should aggregate all issues from multiple forEach iterations","invocations":1,"location":null,"numPassingAsserts":4,"retryReasons":[],"startAt":1759918513284,"status":"passed","title":"should aggregate all issues from multiple forEach iterations"}],"endTime":1759918513900,"message":"","name":"/home/buger/projects/visor2/tests/e2e/foreach-transform-verified-e2e.test.ts","startTime":1759918510177,"status":"passed","summary":""},{"assertionResults":[{"ancestorTitles":["JSON Extraction from Mixed Output"],"duration":413,"failing":false,"failureDetails":[],"failureMessages":[],"fullName":"JSON Extraction from Mixed Output should extract JSON from end of output with debug logs","invocations":1,"location":null,"numPassingAsserts":3,"retryReasons":[],"startAt":1759918513989,"status":"passed","title":"should extract JSON from end of output with debug logs"},{"ancestorTitles":["JSON Extraction from Mixed Output"],"duration":402,"failing":false,"failureDetails":[],"failureMessages":[],"fullName":"JSON Extraction from Mixed Output should work with pure JSON output (no debug logs)","invocations":1,"location":null,"numPassingAsserts":2,"retryReasons":[],"startAt":1759918514402,"status":"passed","title":"should work with pure JSON output (no debug logs)"},{"ancestorTitles":["JSON Extraction from Mixed Output"],"duration":395,"failing":false,"failureDetails":[],"failureMessages":[],"fullName":"JSON Extraction from Mixed Output should extract JSON object with nested structure","invocations":1,"location":null,"numPassingAsserts":2,"retryReasons":[],"startAt":1759918514804,"status":"passed","title":"should extract JSON object with nested structure"},{"ancestorTitles":["JSON Extraction from Mixed Output"],"duration":392,"failing":false,"failureDetails":[],"failureMessages":[],"fullName":"JSON Extraction from Mixed Output should handle multiline debug output before JSON","invocations":1,"location":null,"numPassingAsserts":1,"retryReasons":[],"startAt":1759918515199,"status":"passed","title":"should handle multiline debug output before JSON"},{"ancestorTitles":["JSON Extraction from Mixed Output"],"duration":376,"failing":false,"failureDetails":[],"failureMessages":[],"fullName":"JSON Extraction from Mixed Output should return empty array when no valid JSON found","invocations":1,"location":null,"numPassingAsserts":1,"retryReasons":[],"startAt":1759918515591,"status":"passed","title":"should return empty array when no valid JSON found"},{"ancestorTitles":["JSON Extraction from Mixed Output"],"duration":413,"failing":false,"failureDetails":[],"failureMessages":[],"fullName":"JSON Extraction from Mixed Output should extract array JSON correctly","invocations":1,"location":null,"numPassingAsserts":2,"retryReasons":[],"startAt":1759918515968,"status":"passed","title":"should extract array JSON correctly"},{"ancestorTitles":["JSON Extraction from Mixed Output"],"duration":407,"failing":false,"failureDetails":[],"failureMessages":[],"fullName":"JSON Extraction from Mixed Output should handle JIRA-style output with DEBUG lines and transform_js extracting nested array","invocations":1,"location":null,"numPassingAsserts":6,"retryReasons":[],"startAt":1759918516382,"status":"passed","title":"should handle JIRA-style output with DEBUG lines and transform_js extracting nested array"}],"endTime":1759918516789,"message":"","name":"/home/buger/projects/visor2/tests/unit/json-extraction.test.ts","startTime":1759918513903,"status":"passed","summary":""},{"assertionResults":[{"ancestorTitles":["CLI Main Entry Point"],"duration":527,"failing":false,"failureDetails":[],"failureMessages":[],"fullName":"CLI Main Entry Point should display help when --help flag is provided","invocations":1,"location":null,"numPassingAsserts":3,"retryReasons":[],"startAt":1759918516955,"status":"passed","title":"should display help when --help flag is provided"},{"ancestorTitles":["CLI Main Entry Point"],"duration":450,"failing":false,"failureDetails":[],"failureMessages":[],"fullName":"CLI Main Entry Point should display version when --version flag is provided","invocations":1,"location":null,"numPassingAsserts":2,"retryReasons":[],"startAt":1759918517482,"status":"passed","title":"should display version when --version flag is provided"},{"ancestorTitles":["CLI Main Entry Point"],"duration":455,"failing":false,"failureDetails":[],"failureMessages":[],"fullName":"CLI Main Entry Point should run CLI with no arguments","invocations":1,"location":null,"numPassingAsserts":3,"retryReasons":[],"startAt":1759918517932,"status":"passed","title":"should run CLI with no arguments"},{"ancestorTitles":["CLI Main Entry Point"],"duration":439,"failing":false,"failureDetails":[],"failureMessages":[],"fullName":"CLI Main Entry Point should run CLI with check arguments","invocations":1,"location":null,"numPassingAsserts":0,"retryReasons":[],"startAt":1759918518387,"status":"passed","title":"should run CLI with check arguments"},{"ancestorTitles":["CLI Main Entry Point"],"duration":432,"failing":false,"failureDetails":[],"failureMessages":[],"fullName":"CLI Main Entry Point should handle CLI errors gracefully","invocations":1,"location":null,"numPassingAsserts":2,"retryReasons":[],"startAt":1759918518826,"status":"passed","title":"should handle CLI errors gracefully"},{"ancestorTitles":["CLI Main Entry Point"],"duration":375,"failing":false,"failureDetails":[],"failureMessages":[],"fullName":"CLI Main Entry Point should handle config file path","invocations":1,"location":null,"numPassingAsserts":2,"retryReasons":[],"startAt":1759918519258,"status":"passed","title":"should handle config file path"}],"endTime":1759918519634,"message":"","name":"/home/buger/projects/visor2/tests/unit/cli-main.test.ts","startTime":1759918516792,"status":"passed","summary":""},{"assertionResults":[{"ancestorTitles":["CheckExecutionEngine - Dependencies","dependency-aware execution"],"duration":370,"failing":false,"failureDetails":[],"failureMessages":[],"fullName":"CheckExecutionEngine - Dependencies dependency-aware execution should execute checks with no dependencies in parallel","invocations":1,"location":null,"numPassingAsserts":2,"retryReasons":[],"startAt":1759918519720,"status":"passed","title":"should execute checks with no dependencies in parallel"},{"ancestorTitles":["CheckExecutionEngine - Dependencies","dependency-aware execution"],"duration":370,"failing":false,"failureDetails":[],"failureMessages":[],"fullName":"CheckExecutionEngine - Dependencies dependency-aware execution should execute checks with linear dependencies sequentially","invocations":1,"location":null,"numPassingAsserts":4,"retryReasons":[],"startAt":1759918520091,"status":"passed","title":"should execute checks with linear dependencies sequentially"},{"ancestorTitles":["CheckExecutionEngine - Dependencies","dependency-aware execution"],"duration":369,"failing":false,"failureDetails":[],"failureMessages":[],"fullName":"CheckExecutionEngine - Dependencies dependency-aware execution should handle mixed parallel and sequential execution","invocations":1,"location":null,"numPassingAsserts":6,"retryReasons":[],"startAt":1759918520461,"status":"passed","title":"should handle mixed parallel and sequential execution"},{"ancestorTitles":["CheckExecutionEngine - Dependencies","dependency-aware execution"],"duration":370,"failing":false,"failureDetails":[],"failureMessages":[],"fullName":"CheckExecutionEngine - Dependencies dependency-aware execution should handle circular dependencies gracefully","invocations":1,"location":null,"numPassingAsserts":3,"retryReasons":[],"startAt":1759918520830,"status":"passed","title":"should handle circular dependencies gracefully"},{"ancestorTitles":["CheckExecutionEngine - Dependencies","dependency-aware execution"],"duration":370,"failing":false,"failureDetails":[],"failureMessages":[],"fullName":"CheckExecutionEngine - Dependencies dependency-aware execution should handle missing dependencies gracefully","invocations":1,"location":null,"numPassingAsserts":3,"retryReasons":[],"startAt":1759918521201,"status":"passed","title":"should handle missing dependencies gracefully"},{"ancestorTitles":["CheckExecutionEngine - Dependencies","dependency-aware execution"],"duration":370,"failing":false,"failureDetails":[],"failureMessages":[],"fullName":"CheckExecutionEngine - Dependencies dependency-aware execution should handle check failure and continue with dependent checks","invocations":1,"location":null,"numPassingAsserts":4,"retryReasons":[],"startAt":1759918521571,"status":"passed","title":"should handle check failure and continue with dependent checks"},{"ancestorTitles":["CheckExecutionEngine - Dependencies","dependency-aware execution"],"duration":368,"failing":false,"failureDetails":[],"failureMessages":[],"fullName":"CheckExecutionEngine - Dependencies dependency-aware execution should include dependency execution statistics in debug output","invocations":1,"location":null,"numPassingAsserts":2,"retryReasons":[],"startAt":1759918521941,"status":"passed","title":"should include dependency execution statistics in debug output"}],"endTime":1759918522310,"message":"","name":"/home/buger/projects/visor2/tests/unit/check-execution-engine-dependencies.test.ts","startTime":1759918519636,"status":"passed","summary":""},{"assertionResults":[{"ancestorTitles":["forEach Failure and Dependency Skip","forEach iteration error handling"],"duration":409,"failing":false,"failureDetails":[],"failureMessages":[],"fullName":"forEach Failure and Dependency Skip forEach iteration error handling should continue processing remaining forEach items when one fails","invocations":1,"location":null,"numPassingAsserts":5,"retryReasons":[],"startAt":1759918522384,"status":"passed","title":"should continue processing remaining forEach items when one fails"},{"ancestorTitles":["forEach Failure and Dependency Skip","forEach iteration error handling"],"duration":391,"failing":false,"failureDetails":[],"failureMessages":[],"fullName":"forEach Failure and Dependency Skip forEach iteration error handling should not throw when forEach iteration fails","invocations":1,"location":null,"numPassingAsserts":1,"retryReasons":[],"startAt":1759918522793,"status":"passed","title":"should not throw when forEach iteration fails"},{"ancestorTitles":["forEach Failure and Dependency Skip","dependency skip on forEach failure"],"duration":393,"failing":false,"failureDetails":[],"failureMessages":[],"fullName":"forEach Failure and Dependency Skip dependency skip on forEach failure should skip dependent checks when forEach check fails","invocations":1,"location":null,"numPassingAsserts":3,"retryReasons":[],"startAt":1759918523184,"status":"passed","title":"should skip dependent checks when forEach check fails"},{"ancestorTitles":["forEach Failure and Dependency Skip","dependency skip on forEach failure"],"duration":407,"failing":false,"failureDetails":[],"failureMessages":[],"fullName":"forEach Failure and Dependency Skip dependency skip on forEach failure should not skip dependent checks when forEach check succeeds","invocations":1,"location":null,"numPassingAsserts":2,"ret
[...]
nwrapping should handle custom output fields","invocations":1,"location":null,"numPassingAsserts":2,"retryReasons":[],"startAt":1759918558869,"status":"passed","title":"should handle custom output fields"},{"ancestorTitles":["If condition with forEach outputs","forEach output unwrapping"],"duration":2,"failing":false,"failureDetails":[],"failureMessages":[],"fullName":"If condition with forEach outputs forEach output unwrapping should use log function to debug outputs","invocations":1,"location":null,"numPassingAsserts":2,"retryReasons":[],"startAt":1759918558870,"status":"passed","title":"should use log function to debug outputs"}],"endTime":1759918558872,"message":"","name":"/home/buger/projects/visor2/tests/unit/if-condition-foreach.test.ts","startTime":1759918558812,"status":"passed","summary":""},{"assertionResults":[{"ancestorTitles":["Transitive Dependency Outputs Access"],"duration":1,"failing":false,"failureDetails":[],"failureMessages":[],"fullName":"Transitive Dependency Outputs Access should return all transitive dependencies for a check","invocations":1,"location":null,"numPassingAsserts":3,"retryReasons":[],"startAt":1759918558930,"status":"passed","title":"should return all transitive dependencies for a check"},{"ancestorTitles":["Transitive Dependency Outputs Access"],"duration":1,"failing":false,"failureDetails":[],"failureMessages":[],"fullName":"Transitive Dependency Outputs Access should return all transitive dependencies for a complex graph","invocations":1,"location":null,"numPassingAsserts":5,"retryReasons":[],"startAt":1759918558931,"status":"passed","title":"should return all transitive dependencies for a complex graph"},{"ancestorTitles":["Transitive Dependency Outputs Access"],"duration":1,"failing":false,"failureDetails":[],"failureMessages":[],"fullName":"Transitive Dependency Outputs Access should return empty array for checks with no dependencies","invocations":1,"location":null,"numPassingAsserts":1,"retryReasons":[],"startAt":1759918558932,"status":"passed","title":"should return empty array for checks with no dependencies"},{"ancestorTitles":["Transitive Dependency Outputs Access"],"duration":0,"failing":false,"failureDetails":[],"failureMessages":[],"fullName":"Transitive Dependency Outputs Access should handle diamond dependency pattern","invocations":1,"location":null,"numPassingAsserts":4,"retryReasons":[],"startAt":1759918558933,"status":"passed","title":"should handle diamond dependency pattern"},{"ancestorTitles":["Transitive Dependency Outputs Access"],"duration":0,"failing":false,"failureDetails":[],"failureMessages":[],"fullName":"Transitive Dependency Outputs Access should handle long dependency chains","invocations":1,"location":null,"numPassingAsserts":6,"retryReasons":[],"startAt":1759918558934,"status":"passed","title":"should handle long dependency chains"},{"ancestorTitles":["Transitive Dependency Outputs Access"],"duration":1,"failing":false,"failureDetails":[],"failureMessages":[],"fullName":"Transitive Dependency Outputs Access should work with checks that have multiple direct dependencies","invocations":1,"location":null,"numPassingAsserts":4,"retryReasons":[],"startAt":1759918558934,"status":"passed","title":"should work with checks that have multiple direct dependencies"},{"ancestorTitles":["Transitive Dependency Outputs Access"],"duration":1,"failing":false,"failureDetails":[],"failureMessages":[],"fullName":"Transitive Dependency Outputs Access should handle mixed direct and transitive dependencies","invocations":1,"location":null,"numPassingAsserts":4,"retryReasons":[],"startAt":1759918558935,"status":"passed","title":"should handle mixed direct and transitive dependencies"}],"endTime":1759918558936,"message":"","name":"/home/buger/projects/visor2/tests/unit/transitive-dependency-outputs.test.ts","startTime":1759918558880,"status":"passed","summary":""},{"assertionResults":[{"ancestorTitles":["HTML Rendering Debug"],"duration":2,"failing":false,"failureDetails":[],"failureMessages":[],"fullName":"HTML Rendering Debug should generate proper HTML table structure","invocations":1,"location":null,"numPassingAsserts":7,"retryReasons":[],"startAt":1759918558997,"status":"passed","title":"should generate proper HTML table structure"},{"ancestorTitles":["HTML Rendering Debug"],"duration":1,"failing":false,"failureDetails":[],"failureMessages":[],"fullName":"HTML Rendering Debug should render suggestions and replacements correctly","invocations":1,"location":null,"numPassingAsserts":5,"retryReasons":[],"startAt":1759918558999,"status":"passed","title":"should render suggestions and replacements correctly"},{"ancestorTitles":["HTML Rendering Debug"],"duration":1,"failing":false,"failureDetails":[],"failureMessages":[],"fullName":"HTML Rendering Debug should handle multiple groups correctly","invocations":1,"location":null,"numPassingAsserts":5,"retryReasons":[],"startAt":1759918559000,"status":"passed","title":"should handle multiple groups correctly"},{"ancestorTitles":["HTML Rendering Debug"],"duration":0,"failing":false,"failureDetails":[],"failureMessages":[],"fullName":"HTML Rendering Debug should not show General Suggestions if suggestions are empty","invocations":1,"location":null,"numPassingAsserts":3,"retryReasons":[],"startAt":1759918559001,"status":"passed","title":"should not show General Suggestions if suggestions are empty"}],"endTime":1759918559002,"message":"","name":"/home/buger/projects/visor2/tests/unit/html-rendering-debug.test.ts","startTime":1759918558943,"status":"passed","summary":""},{"assertionResults":[{"ancestorTitles":["forEach with Custom Schema Integration"],"duration":3,"failing":false,"failureDetails":[],"failureMessages":[],"fullName":"forEach with Custom Schema Integration should collect custom schema outputs into array when depending on forEach","invocations":1,"location":null,"numPassingAsserts":1,"retryReasons":[],"startAt":1759918559065,"status":"passed","title":"should collect custom schema outputs into array when depending on forEach"},{"ancestorTitles":["forEach with Custom Schema Integration"],"duration":1,"failing":false,"failureDetails":[],"failureMessages":[],"fullName":"forEach with Custom Schema Integration should show current behavior: custom schema from forEach dependency is wrapped in array","invocations":1,"location":null,"numPassingAsserts":3,"retryReasons":[],"startAt":1759918559068,"status":"passed","title":"should show current behavior: custom schema from forEach dependency is wrapped in array"}],"endTime":1759918559069,"message":"","name":"/home/buger/projects/visor2/tests/unit/foreach-custom-schema-integration.test.ts","startTime":1759918559004,"status":"passed","summary":""},{"assertionResults":[{"ancestorTitles":["Dependency Resolution","resolveDependencies"],"duration":1,"failing":false,"failureDetails":[],"failureMessages":[],"fullName":"Dependency Resolution resolveDependencies should resolve simple dependencies","invocations":1,"location":null,"numPassingAsserts":1,"retryReasons":[],"startAt":1759918559134,"status":"passed","title":"should resolve simple dependencies"},{"ancestorTitles":["Dependency Resolution","resolveDependencies"],"duration":1,"failing":false,"failureDetails":[],"failureMessages":[],"fullName":"Dependency Resolution resolveDependencies should handle multiple dependencies","invocations":1,"location":null,"numPassingAsserts":1,"retryReasons":[],"startAt":1759918559135,"status":"passed","title":"should handle multiple dependencies"},{"ancestorTitles":["Dependency Resolution","resolveDependencies"],"duration":1,"failing":false,"failureDetails":[],"failureMessages":[],"fullName":"Dependency Resolution resolveDependencies should handle checks without dependencies","invocations":1,"location":null,"numPassingAsserts":1,"retryReasons":[],"startAt":1759918559136,"status":"passed","title":"should handle checks without dependencies"},{"ancestorTitles":["Dependency Resolution","resolveDependencies"],"duration":0,"failing":false,"failureDetails":[],"failureMessages":[],"fullName":"Dependency Resolution resolveDependencies should handle missing check configurations","invocations":1,"location":null,"numPassingAsserts":1,"retryReasons":[],"startAt":1759918559137,"status":"passed","title":"should handle missing check configurations"},{"ancestorTitles":["Dependency Resolution","resolveDependencies"],"duration":1,"failing":false,"failureDetails":[],"failureMessages":[],"fullName":"Dependency Resolution resolveDependencies should handle circular dependencies gracefully","invocations":1,"location":null,"numPassingAsserts":2,"retryReasons":[],"startAt":1759918559137,"status":"passed","title":"should handle circular dependencies gracefully"},{"ancestorTitles":["Dependency Resolution","resolveDependencies"],"duration":1,"failing":false,"failureDetails":[],"failureMessages":[],"fullName":"Dependency Resolution resolveDependencies should handle complex dependency graph","invocations":1,"location":null,"numPassingAsserts":1,"retryReasons":[],"startAt":1759918559138,"status":"passed","title":"should handle complex dependency graph"},{"ancestorTitles":["Dependency Resolution","resolveDependencies"],"duration":0,"failing":false,"failureDetails":[],"failureMessages":[],"fullName":"Dependency Resolution resolveDependencies should handle multiple initial checks","invocations":1,"location":null,"numPassingAsserts":1,"retryReasons":[],"startAt":1759918559139,"status":"passed","title":"should handle multiple initial checks"},{"ancestorTitles":["Dependency Resolution","resolveDependencies"],"duration":1,"failing":false,"failureDetails":[],"failureMessages":[],"fullName":"Dependency Resolution resolveDependencies should deduplicate dependencies","invocations":1,"location":null,"numPassingAsserts":2,"retryReasons":[],"startAt":1759918559139,"status":"passed","title":"should deduplicate dependencies"}],"endTime":1759918559140,"message":"","name":"/home/buger/projects/visor2/tests/unit/dependency-resolution.test.ts","startTime":1759918559072,"status":"passed","summary":""},{"assertionResults":[{"ancestorTitles":["AI Review Service - Plain Schema Handling","parseAIResponse with plain schema"],"duration":1,"failing":false,"failureDetails":[],"failureMessages":[],"fullName":"AI Review Service - Plain Schema Handling parseAIResponse with plain schema should return raw response as an issue for plain schema","invocations":1,"location":null,"numPassingAsserts":2,"retryReasons":[],"startAt":1759918559198,"status":"passed","title":"should return raw response as an issue for plain schema"},{"ancestorTitles":["AI Review Service - Plain Schema Handling","parseAIResponse with plain schema"],"duration":1,"failing":false,"failureDetails":[],"failureMessages":[],"fullName":"AI Review Service - Plain Schema Handling parseAIResponse with plain schema should return raw response as an issue for any plain text response","invocations":1,"location":null,"numPassingAsserts":2,"retryReasons":[],"startAt":1759918559199,"status":"passed","title":"should return raw response as an issue for any plain text response"},{"ancestorTitles":["AI Review Service - Plain Schema Handling","parseAIResponse with plain schema"],"duration":1,"failing":false,"failureDetails":[],"failureMessages":[],"fullName":"AI Review Service - Plain Schema Handling parseAIResponse with plain schema should handle multiline plain text responses","invocations":1,"location":null,"numPassingAsserts":2,"retryReasons":[],"startAt":1759918559200,"status":"passed","title":"should handle multiline plain text responses"},{"ancestorTitles":["AI Review Service - Plain Schema Handling","parseAIResponse with plain schema"],"duration":1,"failing":false,"failureDetails":[],"failureMessages":[],"fullName":"AI Review Service - Plain Schema Handling parseAIResponse with plain schema should include debug info when provided","invocations":1,"location":null,"numPassingAsserts":3,"retryReasons":[],"startAt":1759918559201,"status":"passed","title":"should include debug info when provided"},{"ancestorTitles":["AI Review Service - Plain Schema Handling","parseAIResponse with code-review schema"],"duration":0,"failing":false,"failureDetails":[],"failureMessages":[],"fullName":"AI Review Service - Plain Schema Handling parseAIResponse with code-review schema should properly parse JSON for code-review schema","invocations":1,"location":null,"numPassingAsserts":6,"retryReasons":[],"startAt":1759918559202,"status":"passed","title":"should properly parse JSON for code-review schema"}],"endTime":1759918559203,"message":"","name":"/home/buger/projects/visor2/tests/unit/ai-xml-tag-stripping.test.ts","startTime":1759918559143,"status":"passed","summary":""},{"assertionResults":[{"ancestorTitles":["GitHub Comment Promise Fix"],"duration":1,"failing":false,"failureDetails":[],"failureMessages":[],"fullName":"GitHub Comment Promise Fix should not render \"[object Promise]\" in GitHub comments","invocations":1,"location":null,"numPassingAsserts":3,"retryReasons":[],"startAt":1759918559258,"status":"passed","title":"should not render \"[object Promise]\" in GitHub comments"},{"ancestorTitles":["GitHub Comment Promise Fix"],"duration":1,"failing":false,"failureDetails":[],"failureMessages":[],"fullName":"GitHub Comment Promise Fix should handle async template rendering correctly","invocations":1,"location":null,"numPassingAsserts":4,"retryReasons":[],"startAt":1759918559259,"status":"passed","title":"should handle async template rendering correctly"},{"ancestorTitles":["GitHub Comment Promise Fix"],"duration":1,"failing":false,"failureDetails":[],"failureMessages":[],"fullName":"GitHub Comment Promise Fix should respect group property from .visor.yaml configuration","invocations":1,"location":null,"numPassingAsserts":6,"retryReasons":[],"startAt":1759918559260,"status":"passed","title":"should respect group property from .visor.yaml configuration"}],"endTime":1759918559261,"message":"","name":"/home/buger/projects/visor2/tests/unit/github-comment-promise-fix.test.ts","startTime":1759918559205,"status":"passed","summary":""},{"assertionResults":[{"ancestorTitles":["Custom Schema Field Preservation"],"duration":1,"failing":false,"failureDetails":[],"failureMessages":[],"fullName":"Custom Schema Field Preservation should preserve all fields for inline custom schemas","invocations":1,"location":null,"numPassingAsserts":5,"retryReasons":[],"startAt":1759918559326,"status":"passed","title":"should preserve all fields for inline custom schemas"},{"ancestorTitles":["Custom Schema Field Preservation"],"duration":1,"failing":false,"failureDetails":[],"failureMessages":[],"fullName":"Custom Schema Field Preservation should preserve all fields for file-based custom schemas","invocations":1,"location":null,"numPassingAsserts":5,"retryReasons":[],"startAt":1759918559327,"status":"passed","title":"should preserve all fields for file-based custom schemas"},{"ancestorTitles":["Custom Schema Field Preservation"],"duration":1,"failing":false,"failureDetails":[],"failureMessages":[],"fullName":"Custom Schema Field Preservation should NOT preserve custom fields for code-review schema","invocations":1,"location":null,"numPassingAsserts":4,"retryReasons":[],"startAt":1759918559328,"status":"passed","title":"should NOT preserve custom fields for code-review schema"},{"ancestorTitles":["Custom Schema Field Preservation"],"duration":1,"failing":false,"failureDetails":[],"failureMessages":[],"fullName":"Custom Schema Field Preservation should handle custom schemas with no required fields","invocations":1,"location":null,"numPassingAsserts":4,"retryReasons":[],"startAt":1759918559329,"status":"passed","title":"should handle custom schemas with no required fields"}],"endTime":1759918559330,"message":"","name":"/home/buger/projects/visor2/tests/unit/custom-schema-preservation.test.ts","startTime":1759918559271,"status":"passed","summary":""},{"assertionResults":[{"ancestorTitles":["HTML Whitespace Fix Test"],"duration":1,"failing":false,"failureDetails":[],"failureMessages":[],"fullName":"HTML Whitespace Fix Test HTML table should not have empty lines that break GitHub rendering","invocations":1,"location":null,"numPassingAsserts":7,"retryReasons":[],"startAt":1759918559390,"status":"passed","title":"HTML table should not have empty lines that break GitHub rendering"},{"ancestorTitles":["HTML Whitespace Fix Test"],"duration":0,"failing":false,"failureDetails":[],"failureMessages":[],"fullName":"HTML Whitespace Fix Test should handle multiple checks with individual templates","invocations":1,"location":null,"numPassingAsserts":6,"retryReasons":[],"startAt":1759918559392,"status":"passed","title":"should handle multiple checks with individual templates"}],"endTime":1759918559393,"message":"","name":"/home/buger/projects/visor2/tests/unit/html-whitespace-test.test.ts","startTime":1759918559339,"status":"passed","summary":""},{"assertionResults":[{"ancestorTitles":["Group-based Comments"],"duration":2,"failing":false,"failureDetails":[],"failureMessages":[],"fullName":"Group-based Comments should create separate comments for different groups","invocations":1,"location":null,"numPassingAsserts":5,"retryReasons":[],"startAt":1759918559454,"status":"passed","title":"should create separate comments for different groups"},{"ancestorTitles":["Group-based Comments"],"duration":1,"failing":false,"failureDetails":[],"failureMessages":[],"fullName":"Group-based Comments should use correct template per group","invocations":1,"location":null,"numPassingAsserts":4,"retryReasons":[],"startAt":1759918559456,"status":"passed","title":"should use correct template per group"}],"endTime":1759918559457,"message":"","name":"/home/buger/projects/visor2/tests/unit/group-based-comments.test.ts","startTime":1759918559395,"status":"passed","summary":""},{"assertionResults":[{"ancestorTitles":["Severity Levels","Legacy test removed"],"duration":1,"failing":false,"failureDetails":[],"failureMessages":[],"fullName":"Severity Levels Legacy test removed should pass placeholder test","invocations":1,"location":null,"numPassingAsserts":1,"retryReasons":[],"startAt":1759918559513,"status":"passed","title":"should pass placeholder test"}],"endTime":1759918559515,"message":"","name":"/home/buger/projects/visor2/tests/unit/severity-levels.test.ts","startTime":1759918559459,"status":"passed","summary":""},{"assertionResults":[{"ancestorTitles":["forEach Chain Propagation"],"duration":1,"failing":false,"failureDetails":[],"failureMessages":[],"fullName":"forEach Chain Propagation should propagate forEach through entire dependency chain","invocations":1,"location":null,"numPassingAsserts":6,"retryReasons":[],"startAt":1759918559567,"status":"passed","title":"should propagate forEach through entire dependency chain"},{"ancestorTitles":["forEach Chain Propagation"],"duration":1,"failing":false,"failureDetails":[],"failureMessages":[],"fullName":"forEach Chain Propagation should show the problem with current behavior (before fix)","invocations":1,"location":null,"numPassingAsserts":2,"retryReasons":[],"startAt":1759918559568,"status":"passed","title":"should show the problem with current behavior (before fix)"}],"endTime":1759918559569,"message":"","name":"/home/buger/projects/visor2/tests/unit/foreach-chain-propagation.test.ts","startTime":1759918559517,"status":"passed","summary":""},{"assertionResults":[{"ancestorTitles":["AI prompt rules (code-review schema)"],"duration":1,"failing":false,"failureDetails":[],"failureMessages":[],"fullName":"AI prompt rules (code-review schema) includes strict no-praise rule and severity guidance","invocations":1,"location":null,"numPassingAsserts":3,"retryReasons":[],"startAt":1759918559625,"status":"passed","title":"includes strict no-praise rule and severity guidance"}],"endTime":1759918559626,"message":"","name":"/home/buger/projects/visor2/tests/unit/ai-prompt-rules.test.ts","startTime":1759918559577,"status":"passed","summary":""}],"wasInterrupted":false}
